<?xml version="1.0" encoding="UTF-8"?>
<testsuites name="Mocha Tests" time="0.003" tests="2" failures="1">
  <testsuite name="Root Suite" timestamp="2024-03-20T18:20:24" tests="0" time="0.000" failures="0">
  </testsuite>
  <testsuite name="Even handed - minute is divible by 2" timestamp="2024-03-20T18:20:24" tests="1" file="/home/eli/Github/flake-factory/tests/mocha/mocha.js" time="0.001" failures="0">
    <testcase name="Even handed - minute is divible by 2 should verify that the current minute is even" time="0.001" classname="should verify that the current minute is even">
    </testcase>
  </testsuite>
  <testsuite name="Odd handed - minute is divible by 1" timestamp="2024-03-20T18:20:24" tests="1" file="/home/eli/Github/flake-factory/tests/mocha/mocha.js" time="0.002" failures="1">
    <testcase name="Odd handed - minute is divible by 1 should verify that the current minute is odd" time="0.001" classname="should verify that the current minute is odd">
      <failure message="Expected values to be strictly equal:

0 !== 1
" type="AssertionError"><![CDATA[AssertionError [ERR_ASSERTION]: Expected values to be strictly equal:

0 !== 1

    at process.processImmediate (node:internal/timers:478:21)

      + expected - actual

      -0
      +1
      ]]></failure>
    </testcase>
  </testsuite>
</testsuites>